<?xml version="1.0" encoding="UTF-8"?>
<coverage generated="1779476239591" clover="3.2.0">
  <project timestamp="1779476239591" name="All files">
    <metrics statements="29" coveredstatements="29" conditionals="10" coveredconditionals="9" methods="12" coveredmethods="12" elements="51" coveredelements="50" complexity="0" loc="29" ncloc="29" packages="1" files="2" classes="2"/>
    <file name="Book.js" path="C:\Users\david\biblioteca-js\Book.js">
      <metrics statements="10" coveredstatements="10" conditionals="0" coveredconditionals="0" methods="6" coveredmethods="6"/>
      <line num="5" count="20" type="stmt"/>
      <line num="6" count="20" type="stmt"/>
      <line num="7" count="20" type="stmt"/>
      <line num="8" count="20" type="stmt"/>
      <line num="11" count="13" type="stmt"/>
      <line num="12" count="3" type="stmt"/>
      <line num="13" count="5" type="stmt"/>
      <line num="14" count="7" type="stmt"/>
      <line num="15" count="2" type="stmt"/>
      <line num="17" count="1" type="stmt"/>
    </file>
    <file name="Library.js" path="C:\Users\david\biblioteca-js\Library.js">
      <metrics statements="19" coveredstatements="19" conditionals="10" coveredconditionals="9" methods="6" coveredmethods="6"/>
      <line num="1" count="1" type="stmt"/>
      <line num="3" count="1" type="stmt"/>
      <line num="4" count="1" type="stmt"/>
      <line num="7" count="6" type="stmt"/>
      <line num="10" count="20" type="stmt"/>
      <line num="13" count="3" type="stmt"/>
      <line num="16" count="3" type="cond" truecount="2" falsecount="0"/>
      <line num="17" count="2" type="cond" truecount="2" falsecount="0"/>
      <line num="18" count="1" type="stmt"/>
      <line num="22" count="1" type="stmt"/>
      <line num="23" count="3" type="stmt"/>
      <line num="24" count="3" type="stmt"/>
      <line num="25" count="3" type="cond" truecount="1" falsecount="1"/>
      <line num="30" count="4" type="stmt"/>
      <line num="31" count="10" type="cond" truecount="4" falsecount="0"/>
      <line num="32" count="2" type="stmt"/>
      <line num="33" count="2" type="stmt"/>
      <line num="36" count="2" type="stmt"/>
      <line num="39" count="1" type="stmt"/>
    </file>
  </project>
</coverage>
