{"C:\\Users\\david\\biblioteca-js\\Book.js": {"path":"C:\\Users\\david\\biblioteca-js\\Book.js","statementMap":{"0":{"start":{"line":5,"column":4},"end":{"line":5,"column":34}},"1":{"start":{"line":6,"column":4},"end":{"line":6,"column":35}},"2":{"start":{"line":7,"column":4},"end":{"line":7,"column":44}},"3":{"start":{"line":8,"column":4},"end":{"line":8,"column":33}},"4":{"start":{"line":11,"column":25},"end":{"line":11,"column":44}},"5":{"start":{"line":12,"column":25},"end":{"line":12,"column":45}},"6":{"start":{"line":13,"column":25},"end":{"line":13,"column":54}},"7":{"start":{"line":14,"column":25},"end":{"line":14,"column":48}},"8":{"start":{"line":15,"column":25},"end":{"line":15,"column":49}},"9":{"start":{"line":17,"column":0},"end":{"line":17,"column":22}}},"fnMap":{"0":{"name":"(anonymous_0)","decl":{"start":{"line":4,"column":2},"end":{"line":4,"column":3}},"loc":{"start":{"line":4,"column":46},"end":{"line":9,"column":3}},"line":4},"1":{"name":"(anonymous_1)","decl":{"start":{"line":11,"column":2},"end":{"line":11,"column":3}},"loc":{"start":{"line":11,"column":23},"end":{"line":11,"column":46}},"line":11},"2":{"name":"(anonymous_2)","decl":{"start":{"line":12,"column":2},"end":{"line":12,"column":3}},"loc":{"start":{"line":12,"column":23},"end":{"line":12,"column":47}},"line":12},"3":{"name":"(anonymous_3)","decl":{"start":{"line":13,"column":2},"end":{"line":13,"column":3}},"loc":{"start":{"line":13,"column":23},"end":{"line":13,"column":56}},"line":13},"4":{"name":"(anonymous_4)","decl":{"start":{"line":14,"column":2},"end":{"line":14,"column":3}},"loc":{"start":{"line":14,"column":23},"end":{"line":14,"column":50}},"line":14},"5":{"name":"(anonymous_5)","decl":{"start":{"line":15,"column":2},"end":{"line":15,"column":3}},"loc":{"start":{"line":15,"column":23},"end":{"line":15,"column":51}},"line":15}},"branchMap":{},"s":{"0":20,"1":20,"2":20,"3":20,"4":13,"5":3,"6":5,"7":7,"8":2,"9":1},"f":{"0":20,"1":13,"2":3,"3":5,"4":7,"5":2},"b":{},"_coverageSchema":"1a1c01bbd47fc00a2c39e90264f33305004495a9","hash":"e183d551e0a74ced7b98afd855c30faae3f5da2e"}
,"C:\\Users\\david\\biblioteca-js\\Library.js": {"path":"C:\\Users\\david\\biblioteca-js\\Library.js","statementMap":{"0":{"start":{"line":1,"column":13},"end":{"line":1,"column":30}},"1":{"start":{"line":3,"column":27},"end":{"line":3,"column":31}},"2":{"start":{"line":4,"column":27},"end":{"line":4,"column":31}},"3":{"start":{"line":7,"column":11},"end":{"line":7,"column":13}},"4":{"start":{"line":10,"column":4},"end":{"line":10,"column":52}},"5":{"start":{"line":13,"column":15},"end":{"line":13,"column":34}},"6":{"start":{"line":16,"column":4},"end":{"line":16,"column":76}},"7":{"start":{"line":16,"column":56},"end":{"line":16,"column":76}},"8":{"start":{"line":17,"column":4},"end":{"line":17,"column":77}},"9":{"start":{"line":17,"column":56},"end":{"line":17,"column":77}},"10":{"start":{"line":18,"column":4},"end":{"line":18,"column":24}},"11":{"start":{"line":22,"column":4},"end":{"line":26,"column":7}},"12":{"start":{"line":23,"column":20},"end":{"line":23,"column":47}},"13":{"start":{"line":24,"column":6},"end":{"line":24,"column":70}},"14":{"start":{"line":25,"column":6},"end":{"line":25,"column":65}},"15":{"start":{"line":25,"column":31},"end":{"line":25,"column":65}},"16":{"start":{"line":30,"column":4},"end":{"line":35,"column":5}},"17":{"start":{"line":31,"column":6},"end":{"line":34,"column":7}},"18":{"start":{"line":32,"column":8},"end":{"line":32,"column":33}},"19":{"start":{"line":33,"column":8},"end":{"line":33,"column":20}},"20":{"start":{"line":36,"column":4},"end":{"line":36,"column":17}},"21":{"start":{"line":39,"column":0},"end":{"line":39,"column":25}}},"fnMap":{"0":{"name":"(anonymous_0)","decl":{"start":{"line":9,"column":2},"end":{"line":9,"column":3}},"loc":{"start":{"line":9,"column":31},"end":{"line":11,"column":3}},"line":9},"1":{"name":"(anonymous_1)","decl":{"start":{"line":13,"column":2},"end":{"line":13,"column":3}},"loc":{"start":{"line":13,"column":13},"end":{"line":13,"column":36}},"line":13},"2":{"name":"(anonymous_2)","decl":{"start":{"line":15,"column":2},"end":{"line":15,"column":3}},"loc":{"start":{"line":15,"column":25},"end":{"line":19,"column":3}},"line":15},"3":{"name":"(anonymous_3)","decl":{"start":{"line":21,"column":2},"end":{"line":21,"column":3}},"loc":{"start":{"line":21,"column":13},"end":{"line":27,"column":3}},"line":21},"4":{"name":"(anonymous_4)","decl":{"start":{"line":22,"column":24},"end":{"line":22,"column":25}},"loc":{"start":{"line":22,"column":32},"end":{"line":26,"column":5}},"line":22},"5":{"name":"(anonymous_5)","decl":{"start":{"line":29,"column":2},"end":{"line":29,"column":3}},"loc":{"start":{"line":29,"column":14},"end":{"line":37,"column":3}},"line":29}},"branchMap":{"0":{"loc":{"start":{"line":16,"column":4},"end":{"line":16,"column":76}},"type":"if","locations":[{"start":{"line":16,"column":4},"end":{"line":16,"column":76}},{"start":{},"end":{}}],"line":16},"1":{"loc":{"start":{"line":17,"column":4},"end":{"line":17,"column":77}},"type":"if","locations":[{"start":{"line":17,"column":4},"end":{"line":17,"column":77}},{"start":{},"end":{}}],"line":17},"2":{"loc":{"start":{"line":25,"column":6},"end":{"line":25,"column":65}},"type":"if","locations":[{"start":{"line":25,"column":6},"end":{"line":25,"column":65}},{"start":{},"end":{}}],"line":25},"3":{"loc":{"start":{"line":31,"column":6},"end":{"line":34,"column":7}},"type":"if","locations":[{"start":{"line":31,"column":6},"end":{"line":34,"column":7}},{"start":{},"end":{}}],"line":31},"4":{"loc":{"start":{"line":31,"column":10},"end":{"line":31,"column":57}},"type":"binary-expr","locations":[{"start":{"line":31,"column":10},"end":{"line":31,"column":35}},{"start":{"line":31,"column":39},"end":{"line":31,"column":57}}],"line":31}},"s":{"0":1,"1":1,"2":1,"3":6,"4":20,"5":3,"6":3,"7":1,"8":2,"9":1,"10":1,"11":1,"12":3,"13":3,"14":3,"15":0,"16":4,"17":10,"18":2,"19":2,"20":2,"21":1},"f":{"0":20,"1":3,"2":3,"3":1,"4":3,"5":4},"b":{"0":[1,2],"1":[1,1],"2":[0,3],"3":[2,8],"4":[10,3]},"_coverageSchema":"1a1c01bbd47fc00a2c39e90264f33305004495a9","hash":"6b51f9d9439ee2838d004c54438ae4da22a99319"}
}
