TN:
SF:Book.js
FN:4,(anonymous_0)
FN:11,(anonymous_1)
FN:12,(anonymous_2)
FN:13,(anonymous_3)
FN:14,(anonymous_4)
FN:15,(anonymous_5)
FNF:6
FNH:6
FNDA:20,(anonymous_0)
FNDA:13,(anonymous_1)
FNDA:3,(anonymous_2)
FNDA:5,(anonymous_3)
FNDA:7,(anonymous_4)
FNDA:2,(anonymous_5)
DA:5,20
DA:6,20
DA:7,20
DA:8,20
DA:11,13
DA:12,3
DA:13,5
DA:14,7
DA:15,2
DA:17,1
LF:10
LH:10
BRF:0
BRH:0
end_of_record
TN:
SF:Library.js
FN:9,(anonymous_0)
FN:13,(anonymous_1)
FN:15,(anonymous_2)
FN:21,(anonymous_3)
FN:22,(anonymous_4)
FN:29,(anonymous_5)
FNF:6
FNH:6
FNDA:20,(anonymous_0)
FNDA:3,(anonymous_1)
FNDA:3,(anonymous_2)
FNDA:1,(anonymous_3)
FNDA:3,(anonymous_4)
FNDA:4,(anonymous_5)
DA:1,1
DA:3,1
DA:4,1
DA:7,6
DA:10,20
DA:13,3
DA:16,3
DA:17,2
DA:18,1
DA:22,1
DA:23,3
DA:24,3
DA:25,3
DA:30,4
DA:31,10
DA:32,2
DA:33,2
DA:36,2
DA:39,1
LF:19
LH:19
BRDA:16,0,0,1
BRDA:16,0,1,2
BRDA:17,1,0,1
BRDA:17,1,1,1
BRDA:25,2,0,0
BRDA:25,2,1,3
BRDA:31,3,0,2
BRDA:31,3,1,8
BRDA:31,4,0,10
BRDA:31,4,1,3
BRF:10
BRH:9
end_of_record
